<?xml version="1.0" encoding="UTF-8"?>
<testsuite xmlns:xsi="http://www.w3.org/2001/XMLSchema-instance" xsi:noNamespaceSchemaLocation="https://maven.apache.org/surefire/maven-surefire-plugin/xsd/surefire-test-report-3.0.xsd" version="3.0" name="unit_tests.CardTest" time="0.382" tests="11" errors="0" skipped="0" failures="0">
  <properties>
    <property name="java.specification.version" value="19"/>
    <property name="sun.cpu.isalist" value="amd64"/>
    <property name="sun.jnu.encoding" value="Cp1251"/>
    <property name="java.class.path" value="C:\Users\ilyac\OneDrive\Рабочий стол\Java\Labs\Lab_07\Lab_07\target\test-classes;C:\Users\ilyac\OneDrive\Рабочий стол\Java\Labs\Lab_07\Lab_07\target\classes;C:\Users\ilyac\.m2\repository\org\testng\testng\7.7.1\testng-7.7.1.jar;C:\Users\ilyac\.m2\repository\org\slf4j\slf4j-api\1.7.36\slf4j-api-1.7.36.jar;C:\Users\ilyac\.m2\repository\com\beust\jcommander\1.82\jcommander-1.82.jar;C:\Users\ilyac\.m2\repository\org\webjars\jquery\3.6.1\jquery-3.6.1.jar;"/>
    <property name="java.vm.vendor" value="Oracle Corporation"/>
    <property name="sun.arch.data.model" value="64"/>
    <property name="user.variant" value=""/>
    <property name="java.vendor.url" value="https://java.oracle.com/"/>
    <property name="user.timezone" value="Europe/Minsk"/>
    <property name="user.country.format" value="BY"/>
    <property name="os.name" value="Windows 11"/>
    <property name="java.vm.specification.version" value="19"/>
    <property name="sun.java.launcher" value="SUN_STANDARD"/>
    <property name="user.country" value="RU"/>
    <property name="sun.boot.library.path" value="C:\Program Files\Java\jdk-19\bin"/>
    <property name="sun.java.command" value="C:\Users\ilyac\AppData\Local\Temp\surefire14984514034295060199\surefirebooter-20230605002245574_3.jar C:\Users\ilyac\AppData\Local\Temp\surefire14984514034295060199 2023-06-05T00-22-44_655-jvmRun1 surefire-20230605002245574_1tmp surefire_0-20230605002245574_2tmp"/>
    <property name="jdk.debug" value="release"/>
    <property name="surefire.test.class.path" value="C:\Users\ilyac\OneDrive\Рабочий стол\Java\Labs\Lab_07\Lab_07\target\test-classes;C:\Users\ilyac\OneDrive\Рабочий стол\Java\Labs\Lab_07\Lab_07\target\classes;C:\Users\ilyac\.m2\repository\org\testng\testng\7.7.1\testng-7.7.1.jar;C:\Users\ilyac\.m2\repository\org\slf4j\slf4j-api\1.7.36\slf4j-api-1.7.36.jar;C:\Users\ilyac\.m2\repository\com\beust\jcommander\1.82\jcommander-1.82.jar;C:\Users\ilyac\.m2\repository\org\webjars\jquery\3.6.1\jquery-3.6.1.jar;"/>
    <property name="sun.cpu.endian" value="little"/>
    <property name="user.home" value="C:\Users\ilyac"/>
    <property name="user.language" value="ru"/>
    <property name="java.specification.vendor" value="Oracle Corporation"/>
    <property name="java.version.date" value="2023-01-17"/>
    <property name="java.home" value="C:\Program Files\Java\jdk-19"/>
    <property name="file.separator" value="\"/>
    <property name="basedir" value="C:\Users\ilyac\OneDrive\Рабочий стол\Java\Labs\Lab_07\Lab_07"/>
    <property name="java.vm.compressedOopsMode" value="Zero based"/>
    <property name="line.separator" value="&#10;"/>
    <property name="java.vm.specification.vendor" value="Oracle Corporation"/>
    <property name="java.specification.name" value="Java Platform API Specification"/>
    <property name="surefire.real.class.path" value="C:\Users\ilyac\AppData\Local\Temp\surefire14984514034295060199\surefirebooter-20230605002245574_3.jar"/>
    <property name="user.script" value=""/>
    <property name="sun.management.compiler" value="HotSpot 64-Bit Tiered Compilers"/>
    <property name="java.runtime.version" value="19.0.2+7-44"/>
    <property name="user.name" value="ilyac"/>
    <property name="stdout.encoding" value="Cp1251"/>
    <property name="path.separator" value=";"/>
    <property name="os.version" value="10.0"/>
    <property name="java.runtime.name" value="Java(TM) SE Runtime Environment"/>
    <property name="file.encoding" value="UTF-8"/>
    <property name="java.vm.name" value="Java HotSpot(TM) 64-Bit Server VM"/>
    <property name="localRepository" value="C:\Users\ilyac\.m2\repository"/>
    <property name="java.vendor.url.bug" value="https://bugreport.java.com/bugreport/"/>
    <property name="java.io.tmpdir" value="C:\Users\ilyac\AppData\Local\Temp\"/>
    <property name="java.version" value="19.0.2"/>
    <property name="user.dir" value="C:\Users\ilyac\OneDrive\Рабочий стол\Java\Labs\Lab_07\Lab_07"/>
    <property name="os.arch" value="amd64"/>
    <property name="java.vm.specification.name" value="Java Virtual Machine Specification"/>
    <property name="sun.os.patch.level" value=""/>
    <property name="native.encoding" value="Cp1251"/>
    <property name="java.library.path" value="C:\Program Files\Java\jdk-19\bin;C:\Windows\Sun\Java\bin;C:\Windows\system32;C:\Windows;C:\Program Files\Common Files\Oracle\Java\javapath;C:\Windows\system32;C:\Windows;C:\Windows\System32\Wbem;C:\Windows\System32\WindowsPowerShell\v1.0\;C:\Windows\System32\OpenSSH\;C:\Program Files (x86)\NVIDIA Corporation\PhysX\Common;C:\Program Files\NVIDIA Corporation\NVIDIA NvDLISR;C:\Program Files\dotnet\;C:\Program Files\Git\cmd;C:\Program Files (x86)\Microsoft SQL Server\160\DTS\Binn\;C:\Program Files\Azure Data Studio\bin;C:\Program Files (x86)\Microsoft SQL Server\160\Tools\Binn\;C:\Program Files\Microsoft SQL Server\160\Tools\Binn\;C:\Program Files\Microsoft SQL Server\Client SDK\ODBC\170\Tools\Binn\;C:\Program Files\Microsoft SQL Server\160\DTS\Binn\;C:\Program Files\nodejs\;C:\Program Files\Microsoft SQL Server\150\Tools\Binn\;C:\Maven\apache-maven-3.9.1\bin;C:\Users\ilyac\AppData\Local\Microsoft\WindowsApps;C:\Users\ilyac\AppData\Local\GitHubDesktop\bin;C:\Users\ilyac\.dotnet\tools;E:\Programs\IntelliJ IDEA 2022.3.2\bin;;C:\Program Files\Java\jdk-19\bin;C:\Program Files\Azure Data Studio\bin;C:\Users\ilyac\AppData\Local\Programs\Microsoft VS Code\bin;C:\Users\ilyac\AppData\Roaming\npm;C:\Maven\apache-maven-3.9.1\bin;;."/>
    <property name="java.vm.info" value="mixed mode, sharing"/>
    <property name="stderr.encoding" value="Cp1251"/>
    <property name="java.vendor" value="Oracle Corporation"/>
    <property name="java.vm.version" value="19.0.2+7-44"/>
    <property name="sun.io.unicode.encoding" value="UnicodeLittle"/>
    <property name="java.class.version" value="63.0"/>
  </properties>
  <testcase name="blockedTest" classname="unit_tests.CardTest" time="0.002">
    <system-out><![CDATA[Test started
Test class Card start
Class created
]]></system-out>
    <system-err><![CDATA[SLF4J: Failed to load class "org.slf4j.impl.StaticLoggerBinder".
SLF4J: Defaulting to no-operation (NOP) logger implementation
SLF4J: See http://www.slf4j.org/codes.html#StaticLoggerBinder for further details.
]]></system-err>
  </testcase>
  <testcase name="testBalance" classname="unit_tests.CardTest" time="0"/>
  <testcase name="testUnblpcked" classname="unit_tests.CardTest" time="0"/>
  <testcase name="TestCardAndBank" classname="unit_tests.CardTest" time="0.001"/>
  <testcase name="testUpBalance[1000, 1000](1)" classname="unit_tests.CardTest" time="0.002"/>
  <testcase name="testUpBalance[2000, 2000](2)" classname="unit_tests.CardTest" time="0"/>
  <testcase name="testUpBalance[12, 12](3)" classname="unit_tests.CardTest" time="0"/>
  <testcase name="unblockedTest" classname="unit_tests.CardTest" time="0"/>
  <testcase name="testPay[10000, unblocked, 1000, 1000](2)" classname="unit_tests.CardTest" time="0.005"/>
  <testcase name="testPay[777, blocked, 1000, 1000](4)" classname="unit_tests.CardTest" time="0.001"/>
  <testcase name="testPay[777, unblocked, 1000, 223](6)" classname="unit_tests.CardTest" time="0"/>
</testsuite>