<?xml version="1.0" encoding="UTF-8"?>
<!-- Generated by org.testng.reporters.JUnitReportReporter -->
<testsuite hostname="IlyaChernikin" failures="0" tests="12" name="unit_tests.CardTest" time="0.016" errors="0" timestamp="2023-06-05T00:22:46 MSK" skipped="1">
  <testcase classname="unit_tests.CardTest" name="testUnblpcked" time="0.000"/>
  <system-out/>
  <testcase classname="unit_tests.CardTest" name="unblockedTest" time="0.002"/>
  <system-out/>
  <testcase classname="unit_tests.CardTest" name="testUpBalance" time="0.002"/>
  <system-out/>
  <testcase classname="unit_tests.CardTest" name="TestCardAndBank" time="0.001"/>
  <system-out/>
  <testcase classname="unit_tests.CardTest" name="testPay" time="0.001"/>
  <system-out/>
  <testcase classname="unit_tests.CardTest" name="testUpBalance" time="0.001"/>
  <system-out/>
  <testcase classname="unit_tests.CardTest" name="testPay" time="0.005"/>
  <system-out/>
  <testcase classname="unit_tests.CardTest" name="testPay" time="0.001"/>
  <system-out/>
  <testcase classname="unit_tests.CardTest" name="blockedTest" time="0.002"/>
  <system-out/>
  <testcase classname="unit_tests.CardTest" name="testBalance" time="0.000"/>
  <system-out/>
  <testcase classname="unit_tests.CardTest" name="testUpBalance" time="0.001"/>
  <system-out/>
  <testcase classname="unit_tests.CardTest" name="testIgnore">
    <skipped/>
  </testcase> <!-- testIgnore -->
  <system-out/>
</testsuite> <!-- unit_tests.CardTest -->
